Core2/app/build/intermediates/manifest_merge_blame_file/debug/manifest-merger-blame-debug-report.txt
1<?xml version="1.0" encoding="utf-8"?>
2<manifest xmlns:android="http://schemas.android.com/apk/res/android"
3    package="com.example.core2"
4    android:versionCode="1"
5    android:versionName="1.0" >
6
7    <uses-sdk
8        android:minSdkVersion="29"
8-->src\main\AndroidManifest.xml
9        android:targetSdkVersion="30" />
9-->src\main\AndroidManifest.xml
10
11    <application
11-->src\main\AndroidManifest.xml:5:5-28:19
12        android:allowBackup="true"
12-->src\main\AndroidManifest.xml:6:9-35
13        android:appComponentFactory="androidx.core.app.CoreComponentFactory"
13-->[androidx.core:core:1.3.1] AndroidManifest.xml:24:18-86
14        android:debuggable="true"
15        android:extractNativeLibs="false"
16        android:icon="@mipmap/ic_launcher"
16-->src\main\AndroidManifest.xml:7:9-43
17        android:label="@string/app_name"
17-->src\main\AndroidManifest.xml:8:9-41
18        android:roundIcon="@mipmap/ic_launcher_round"
18-->src\main\AndroidManifest.xml:9:9-54
19        android:supportsRtl="true"
19-->src\main\AndroidManifest.xml:10:9-35
20        android:testOnly="true"
21        android:theme="@style/AppTheme" >
21-->src\main\AndroidManifest.xml:11:9-40
22        <activity android:name="com.example.core2.MainActivity" >
22-->src\main\AndroidManifest.xml:12:9-19:20
22-->src\main\AndroidManifest.xml:12:19-47
23            <intent-filter>
23-->src\main\AndroidManifest.xml:14:13-18:29
24                <action android:name="android.intent.action.MAIN" />
24-->src\main\AndroidManifest.xml:15:17-69
24-->src\main\AndroidManifest.xml:15:25-66
25
26                <category android:name="android.intent.category.LAUNCHER" />
26-->src\main\AndroidManifest.xml:17:17-77
26-->src\main\AndroidManifest.xml:17:27-74
27            </intent-filter>
28        </activity>
29        <activity
29-->src\main\AndroidManifest.xml:20:9-21:51
30            android:name="com.example.core2.Flinder"
30-->src\main\AndroidManifest.xml:20:19-42
31            android:noHistory="true" />
31-->src\main\AndroidManifest.xml:21:13-39
32        <activity
32-->src\main\AndroidManifest.xml:22:9-23:51
33            android:name="com.example.core2.Chad"
33-->src\main\AndroidManifest.xml:22:19-39
34            android:noHistory="true" />
34-->src\main\AndroidManifest.xml:23:13-39
35        <activity
35-->src\main\AndroidManifest.xml:24:9-25:51
36            android:name="com.example.core2.Swin"
36-->src\main\AndroidManifest.xml:24:19-39
37            android:noHistory="true" />
37-->src\main\AndroidManifest.xml:25:13-39
38        <activity
38-->src\main\AndroidManifest.xml:26:9-27:51
39            android:name="com.example.core2.Wool"
39-->src\main\AndroidManifest.xml:26:19-39
40            android:noHistory="true" />
40-->src\main\AndroidManifest.xml:27:13-39
41    </application>
42
43</manifest>